<?xml version="1.0" encoding="UTF-8"?>
<!-- Generated by org.testng.reporters.JUnitXMLReporter -->
<testsuite hostname="Asele4ka.local" ignored="0" name="OrangeHRM Test" tests="4" failures="0" timestamp="25 Nov 2018 16:41:01 GMT" time="18.2" errors="0">
  <testcase name="invalidLogin" time="0.706" classname="com.syntax.orangehrm.testscripts.LoginPageTest"/>
  <testcase name="validLogin" time="1.17" classname="com.syntax.orangehrm.testscripts.LoginPageTest"/>
  <testcase name="addingEmployee" time="2.836" classname="com.syntax.orangehrm.testscripts.AddEmployeeTest"/>
  <testcase name="verifyErrorMessage" time="0.642" classname="com.syntax.orangehrm.testscripts.TimePageTest"/>
</testsuite> <!-- OrangeHRM Test -->
