<?xml version="1.0" encoding="UTF-8"?>
<testng-results skipped="0" failed="1" ignored="0" total="5" passed="4">
  <reporter-output>
  </reporter-output>
  <suite name="Default suite" duration-ms="63937" started-at="2018-12-01T20:57:01Z" finished-at="2018-12-01T20:58:05Z">
    <groups>
    </groups>
    <test name="Default test" duration-ms="63937" started-at="2018-12-01T20:57:01Z" finished-at="2018-12-01T20:58:05Z">
      <class name="com.syntax.orangehrm.testscripts.AssignLeaveTest">
        <test-method status="PASS" signature="start()[pri:0, instance:com.syntax.orangehrm.testscripts.AssignLeaveTest@204f30ec]" name="start" is-config="true" duration-ms="4480" started-at="2018-12-01T20:57:01Z" finished-at="2018-12-01T20:57:06Z">
          <reporter-output>
          </reporter-output>
        </test-method> <!-- start -->
        <test-method status="PASS" signature="assignEmployeeLeave(java.lang.String, java.lang.String, java.lang.String, java.lang.String, java.lang.String)[pri:0, instance:com.syntax.orangehrm.testscripts.AssignLeaveTest@204f30ec]" name="assignEmployeeLeave" duration-ms="10946" started-at="2018-12-01T20:57:06Z" data-provider="AssignLeave" finished-at="2018-12-01T20:57:17Z">
          <params>
            <param index="0">
              <value>
                <![CDATA[Linda Anderson]]>
              </value>
            </param>
            <param index="1">
              <value>
                <![CDATA[FMLA US]]>
              </value>
            </param>
            <param index="2">
              <value>
                <![CDATA[2018-12-05]]>
              </value>
            </param>
            <param index="3">
              <value>
                <![CDATA[2018-12-25]]>
              </value>
            </param>
            <param index="4">
              <value>
                <![CDATA[FMLA]]>
              </value>
            </param>
          </params>
          <reporter-output>
          </reporter-output>
        </test-method> <!-- assignEmployeeLeave -->
        <test-method status="PASS" signature="close()[pri:0, instance:com.syntax.orangehrm.testscripts.AssignLeaveTest@204f30ec]" name="close" is-config="true" duration-ms="92" started-at="2018-12-01T20:57:17Z" finished-at="2018-12-01T20:57:17Z">
          <reporter-output>
          </reporter-output>
        </test-method> <!-- close -->
        <test-method status="PASS" signature="start()[pri:0, instance:com.syntax.orangehrm.testscripts.AssignLeaveTest@204f30ec]" name="start" is-config="true" duration-ms="3633" started-at="2018-12-01T20:57:17Z" finished-at="2018-12-01T20:57:21Z">
          <reporter-output>
          </reporter-output>
        </test-method> <!-- start -->
        <test-method status="PASS" signature="assignEmployeeLeave(java.lang.String, java.lang.String, java.lang.String, java.lang.String, java.lang.String)[pri:0, instance:com.syntax.orangehrm.testscripts.AssignLeaveTest@204f30ec]" name="assignEmployeeLeave" duration-ms="10918" started-at="2018-12-01T20:57:21Z" data-provider="AssignLeave" finished-at="2018-12-01T20:57:31Z">
          <params>
            <param index="0">
              <value>
                <![CDATA[John Smith]]>
              </value>
            </param>
            <param index="1">
              <value>
                <![CDATA[Vacation US]]>
              </value>
            </param>
            <param index="2">
              <value>
                <![CDATA[2018-12-06]]>
              </value>
            </param>
            <param index="3">
              <value>
                <![CDATA[2018-12-26]]>
              </value>
            </param>
            <param index="4">
              <value>
                <![CDATA[Vacation]]>
              </value>
            </param>
          </params>
          <reporter-output>
          </reporter-output>
        </test-method> <!-- assignEmployeeLeave -->
        <test-method status="PASS" signature="close()[pri:0, instance:com.syntax.orangehrm.testscripts.AssignLeaveTest@204f30ec]" name="close" is-config="true" duration-ms="145" started-at="2018-12-01T20:57:31Z" finished-at="2018-12-01T20:57:32Z">
          <reporter-output>
          </reporter-output>
        </test-method> <!-- close -->
        <test-method status="PASS" signature="start()[pri:0, instance:com.syntax.orangehrm.testscripts.AssignLeaveTest@204f30ec]" name="start" is-config="true" duration-ms="3673" started-at="2018-12-01T20:57:32Z" finished-at="2018-12-01T20:57:35Z">
          <reporter-output>
          </reporter-output>
        </test-method> <!-- start -->
        <test-method status="PASS" signature="assignEmployeeLeave(java.lang.String, java.lang.String, java.lang.String, java.lang.String, java.lang.String)[pri:0, instance:com.syntax.orangehrm.testscripts.AssignLeaveTest@204f30ec]" name="assignEmployeeLeave" duration-ms="10921" started-at="2018-12-01T20:57:35Z" data-provider="AssignLeave" finished-at="2018-12-01T20:57:46Z">
          <params>
            <param index="0">
              <value>
                <![CDATA[Fiona Grace]]>
              </value>
            </param>
            <param index="1">
              <value>
                <![CDATA[Maternity US]]>
              </value>
            </param>
            <param index="2">
              <value>
                <![CDATA[2018-12-07]]>
              </value>
            </param>
            <param index="3">
              <value>
                <![CDATA[2018-12-27]]>
              </value>
            </param>
            <param index="4">
              <value>
                <![CDATA[Maternity US]]>
              </value>
            </param>
          </params>
          <reporter-output>
          </reporter-output>
        </test-method> <!-- assignEmployeeLeave -->
        <test-method status="PASS" signature="close()[pri:0, instance:com.syntax.orangehrm.testscripts.AssignLeaveTest@204f30ec]" name="close" is-config="true" duration-ms="94" started-at="2018-12-01T20:57:46Z" finished-at="2018-12-01T20:57:46Z">
          <reporter-output>
          </reporter-output>
        </test-method> <!-- close -->
        <test-method status="PASS" signature="start()[pri:0, instance:com.syntax.orangehrm.testscripts.AssignLeaveTest@204f30ec]" name="start" is-config="true" duration-ms="3740" started-at="2018-12-01T20:57:46Z" finished-at="2018-12-01T20:57:50Z">
          <reporter-output>
          </reporter-output>
        </test-method> <!-- start -->
        <test-method status="PASS" signature="assignEmployeeLeave(java.lang.String, java.lang.String, java.lang.String, java.lang.String, java.lang.String)[pri:0, instance:com.syntax.orangehrm.testscripts.AssignLeaveTest@204f30ec]" name="assignEmployeeLeave" duration-ms="10925" started-at="2018-12-01T20:57:50Z" data-provider="AssignLeave" finished-at="2018-12-01T20:58:01Z">
          <params>
            <param index="0">
              <value>
                <![CDATA[Steven Edward]]>
              </value>
            </param>
            <param index="1">
              <value>
                <![CDATA[Vacation US]]>
              </value>
            </param>
            <param index="2">
              <value>
                <![CDATA[2018-12-08]]>
              </value>
            </param>
            <param index="3">
              <value>
                <![CDATA[2018-12-28]]>
              </value>
            </param>
            <param index="4">
              <value>
                <![CDATA[Vacation]]>
              </value>
            </param>
          </params>
          <reporter-output>
          </reporter-output>
        </test-method> <!-- assignEmployeeLeave -->
        <test-method status="PASS" signature="close()[pri:0, instance:com.syntax.orangehrm.testscripts.AssignLeaveTest@204f30ec]" name="close" is-config="true" duration-ms="100" started-at="2018-12-01T20:58:01Z" finished-at="2018-12-01T20:58:01Z">
          <reporter-output>
          </reporter-output>
        </test-method> <!-- close -->
        <test-method status="PASS" signature="start()[pri:0, instance:com.syntax.orangehrm.testscripts.AssignLeaveTest@204f30ec]" name="start" is-config="true" duration-ms="3533" started-at="2018-12-01T20:58:01Z" finished-at="2018-12-01T20:58:05Z">
          <reporter-output>
          </reporter-output>
        </test-method> <!-- start -->
        <test-method status="FAIL" signature="assignEmployeeLeave(java.lang.String, java.lang.String, java.lang.String, java.lang.String, java.lang.String)[pri:0, instance:com.syntax.orangehrm.testscripts.AssignLeaveTest@204f30ec]" name="assignEmployeeLeave" duration-ms="92" started-at="2018-12-01T20:58:05Z" data-provider="AssignLeave" finished-at="2018-12-01T20:58:05Z">
          <params>
            <param index="0">
              <value is-null="true"/>
            </param>
            <param index="1">
              <value is-null="true"/>
            </param>
            <param index="2">
              <value is-null="true"/>
            </param>
            <param index="3">
              <value is-null="true"/>
            </param>
            <param index="4">
              <value is-null="true"/>
            </param>
          </params>
          <exception class="org.openqa.selenium.WebDriverException">
            <message>
              <![CDATA[unknown error: keys should be a string
  (Session info: chrome=70.0.3538.110)
  (Driver info: chromedriver=2.42.591059 (a3d9684d10d61aa0c45f6723b327283be1ebaad8),platform=Mac OS X 10.13.3 x86_64) (WARNING: The server did not provide any stacktrace information)
Command duration or timeout: 0 milliseconds
Build info: version: '3.14.0', revision: 'aacccce0', time: '2018-08-02T20:05:20.749Z'
System info: host: 'Asele4ka.local', ip: 'fe80:0:0:0:1cd0:f181:c6fa:781%en0', os.name: 'Mac OS X', os.arch: 'x86_64', os.version: '10.13.3', java.version: '1.8.0_144'
Driver info: org.openqa.selenium.chrome.ChromeDriver
Capabilities {acceptInsecureCerts: false, acceptSslCerts: false, applicationCacheEnabled: false, browserConnectionEnabled: false, browserName: chrome, chrome: {chromedriverVersion: 2.42.591059 (a3d9684d10d61a..., userDataDir: /var/folders/mp/6z7p38rn2mz...}, cssSelectorsEnabled: true, databaseEnabled: false, goog:chromeOptions: {debuggerAddress: localhost:60382}, handlesAlerts: true, hasTouchScreen: false, javascriptEnabled: true, locationContextEnabled: true, mobileEmulationEnabled: false, nativeEvents: true, networkConnectionEnabled: false, pageLoadStrategy: normal, platform: MAC, platformName: MAC, rotatable: false, setWindowRect: true, takesHeapSnapshot: true, takesScreenshot: true, unexpectedAlertBehaviour: , unhandledPromptBehavior: , version: 70.0.3538.110, webStorageEnabled: true}
Session ID: e032fdc2940e9e52dd2676c83f30ba62]]>
            </message>
            <full-stacktrace>
              <![CDATA[org.openqa.selenium.WebDriverException: unknown error: keys should be a string
  (Session info: chrome=70.0.3538.110)
  (Driver info: chromedriver=2.42.591059 (a3d9684d10d61aa0c45f6723b327283be1ebaad8),platform=Mac OS X 10.13.3 x86_64) (WARNING: The server did not provide any stacktrace information)
Command duration or timeout: 0 milliseconds
Build info: version: '3.14.0', revision: 'aacccce0', time: '2018-08-02T20:05:20.749Z'
System info: host: 'Asele4ka.local', ip: 'fe80:0:0:0:1cd0:f181:c6fa:781%en0', os.name: 'Mac OS X', os.arch: 'x86_64', os.version: '10.13.3', java.version: '1.8.0_144'
Driver info: org.openqa.selenium.chrome.ChromeDriver
Capabilities {acceptInsecureCerts: false, acceptSslCerts: false, applicationCacheEnabled: false, browserConnectionEnabled: false, browserName: chrome, chrome: {chromedriverVersion: 2.42.591059 (a3d9684d10d61a..., userDataDir: /var/folders/mp/6z7p38rn2mz...}, cssSelectorsEnabled: true, databaseEnabled: false, goog:chromeOptions: {debuggerAddress: localhost:60382}, handlesAlerts: true, hasTouchScreen: false, javascriptEnabled: true, locationContextEnabled: true, mobileEmulationEnabled: false, nativeEvents: true, networkConnectionEnabled: false, pageLoadStrategy: normal, platform: MAC, platformName: MAC, rotatable: false, setWindowRect: true, takesHeapSnapshot: true, takesScreenshot: true, unexpectedAlertBehaviour: , unhandledPromptBehavior: , version: 70.0.3538.110, webStorageEnabled: true}
Session ID: e032fdc2940e9e52dd2676c83f30ba62
at sun.reflect.NativeConstructorAccessorImpl.newInstance0(Native Method)
at sun.reflect.NativeConstructorAccessorImpl.newInstance(NativeConstructorAccessorImpl.java:62)
at sun.reflect.DelegatingConstructorAccessorImpl.newInstance(DelegatingConstructorAccessorImpl.java:45)
at java.lang.reflect.Constructor.newInstance(Constructor.java:423)
at org.openqa.selenium.remote.ErrorHandler.createThrowable(ErrorHandler.java:214)
at org.openqa.selenium.remote.ErrorHandler.throwIfResponseFailed(ErrorHandler.java:166)
at org.openqa.selenium.remote.http.JsonHttpResponseCodec.reconstructValue(JsonHttpResponseCodec.java:40)
at org.openqa.selenium.remote.http.AbstractHttpResponseCodec.decode(AbstractHttpResponseCodec.java:80)
at org.openqa.selenium.remote.http.AbstractHttpResponseCodec.decode(AbstractHttpResponseCodec.java:44)
at org.openqa.selenium.remote.HttpCommandExecutor.execute(HttpCommandExecutor.java:158)
at org.openqa.selenium.remote.service.DriverCommandExecutor.execute(DriverCommandExecutor.java:83)
at org.openqa.selenium.remote.RemoteWebDriver.execute(RemoteWebDriver.java:548)
at org.openqa.selenium.remote.RemoteWebElement.execute(RemoteWebElement.java:276)
at org.openqa.selenium.remote.RemoteWebElement.sendKeys(RemoteWebElement.java:100)
at sun.reflect.GeneratedMethodAccessor1.invoke(Unknown Source)
at sun.reflect.DelegatingMethodAccessorImpl.invoke(DelegatingMethodAccessorImpl.java:43)
at java.lang.reflect.Method.invoke(Method.java:498)
at org.openqa.selenium.support.pagefactory.internal.LocatingElementHandler.invoke(LocatingElementHandler.java:51)
at com.sun.proxy.$Proxy10.sendKeys(Unknown Source)
at com.syntax.orangehrm.utils.CommonMethods.enterValue(CommonMethods.java:16)
at com.syntax.orangehrm.testscripts.AssignLeaveTest.assignEmployeeLeave(AssignLeaveTest.java:33)
at sun.reflect.NativeMethodAccessorImpl.invoke0(Native Method)
at sun.reflect.NativeMethodAccessorImpl.invoke(NativeMethodAccessorImpl.java:62)
at sun.reflect.DelegatingMethodAccessorImpl.invoke(DelegatingMethodAccessorImpl.java:43)
at java.lang.reflect.Method.invoke(Method.java:498)
at org.testng.internal.MethodInvocationHelper.invokeMethod(MethodInvocationHelper.java:124)
at org.testng.internal.Invoker.invokeMethod(Invoker.java:580)
at org.testng.internal.Invoker.invokeTestMethod(Invoker.java:716)
at org.testng.internal.Invoker.invokeTestMethods(Invoker.java:988)
at org.testng.internal.TestMethodWorker.invokeTestMethods(TestMethodWorker.java:125)
at org.testng.internal.TestMethodWorker.run(TestMethodWorker.java:109)
at org.testng.TestRunner.privateRun(TestRunner.java:648)
at org.testng.TestRunner.run(TestRunner.java:505)
at org.testng.SuiteRunner.runTest(SuiteRunner.java:455)
at org.testng.SuiteRunner.runSequentially(SuiteRunner.java:450)
at org.testng.SuiteRunner.privateRun(SuiteRunner.java:415)
at org.testng.SuiteRunner.run(SuiteRunner.java:364)
at org.testng.SuiteRunnerWorker.runSuite(SuiteRunnerWorker.java:52)
at org.testng.SuiteRunnerWorker.run(SuiteRunnerWorker.java:84)
at org.testng.TestNG.runSuitesSequentially(TestNG.java:1208)
at org.testng.TestNG.runSuitesLocally(TestNG.java:1137)
at org.testng.TestNG.runSuites(TestNG.java:1049)
at org.testng.TestNG.run(TestNG.java:1017)
at org.testng.remote.AbstractRemoteTestNG.run(AbstractRemoteTestNG.java:114)
at org.testng.remote.RemoteTestNG.initAndRun(RemoteTestNG.java:251)
at org.testng.remote.RemoteTestNG.main(RemoteTestNG.java:77)
]]>
            </full-stacktrace>
          </exception> <!-- org.openqa.selenium.WebDriverException -->
          <reporter-output>
          </reporter-output>
        </test-method> <!-- assignEmployeeLeave -->
        <test-method status="PASS" signature="close()[pri:0, instance:com.syntax.orangehrm.testscripts.AssignLeaveTest@204f30ec]" name="close" is-config="true" duration-ms="93" started-at="2018-12-01T20:58:05Z" finished-at="2018-12-01T20:58:05Z">
          <reporter-output>
          </reporter-output>
        </test-method> <!-- close -->
      </class> <!-- com.syntax.orangehrm.testscripts.AssignLeaveTest -->
    </test> <!-- Default test -->
  </suite> <!-- Default suite -->
</testng-results>
